<?xml version="1.0" encoding="UTF-8"?>
<testsuite name="com.words.unit.component.UnitAttackTest" tests="2" skipped="0" failures="0" errors="0" timestamp="2021-07-28T04:43:21" hostname="LAPTOP-PEO1LEAQ" time="0.016">
  <properties/>
  <testcase name="testSetFunction()" classname="com.words.unit.component.UnitAttackTest" time="0.015"/>
  <testcase name="testBuilder()" classname="com.words.unit.component.UnitAttackTest" time="0.001"/>
  <system-out><![CDATA[]]></system-out>
  <system-err><![CDATA[]]></system-err>
</testsuite>
